<?xml version="1.0" encoding="UTF-8"?>
<!-- Generated by org.testng.reporters.JUnitXMLReporter -->
<testsuite ignored="2" hostname="DESKTOP-NPOVF55" failures="0" tests="1" name="Default test" time="78.387" errors="0" timestamp="2024-11-06T11:19:07 IST">
  <testcase classname="com.comcast.crm.orgtest.CreateOrganizationTestWithPOMWithAnnotation_Assertion_Report" name="createOrgTest" time="39.801"/>
  <testcase classname="com.comcast.crm.orgtest.CreateOrganizationTestWithPOMWithAnnotation_Assertion_Report" name="createOrgWithIndustryTest" time="0.0">
    <ignored/>
  </testcase> <!-- createOrgWithIndustryTest -->
  <testcase classname="com.comcast.crm.orgtest.CreateOrganizationTestWithPOMWithAnnotation_Assertion_Report" name="createOrgWithPhoneNoTest" time="0.0">
    <ignored/>
  </testcase> <!-- createOrgWithPhoneNoTest -->
</testsuite> <!-- Default test -->
