<?xml version="1.0" encoding="UTF-8"?>
<testng-results ignored="2" total="3" passed="1" failed="0" skipped="0">
  <reporter-output>
    <line>
      <![CDATA[==Connect to DB, Report Config==]]>
    </line>
    <line>
      <![CDATA[==Launch the Browser==]]>
    </line>
    <line>
      <![CDATA[==Login==]]>
    </line>
    <line>
      <![CDATA[==Logout==]]>
    </line>
    <line>
      <![CDATA[==Close the Browser==]]>
    </line>
    <line>
      <![CDATA[==Close DB, Report Backup==]]>
    </line>
  </reporter-output>
  <suite started-at="2024-11-05T18:04:30 IST" name="Default suite" finished-at="2024-11-05T18:05:27 IST" duration-ms="57155">
    <groups>
      <group name="smokeTest">
        <method signature="CreateOrganizationTestWithPOMWithAnnotation_Assertion_Report.createOrgTest()[pri:0, instance:com.comcast.crm.orgtest.CreateOrganizationTestWithPOMWithAnnotation_Assertion_Report@402c4085]" name="createOrgTest" class="com.comcast.crm.orgtest.CreateOrganizationTestWithPOMWithAnnotation_Assertion_Report"/>
      </group> <!-- smokeTest -->
    </groups>
    <test started-at="2024-11-05T18:04:30 IST" name="Default test" finished-at="2024-11-05T18:05:27 IST" duration-ms="57155">
      <class name="com.comcast.crm.orgtest.CreateOrganizationTestWithPOMWithAnnotation_Assertion_Report">
        <test-method is-config="true" signature="configBS()[pri:0, instance:com.comcast.crm.orgtest.CreateOrganizationTestWithPOMWithAnnotation_Assertion_Report@402c4085]" started-at="2024-11-05T18:04:28 IST" name="configBS" finished-at="2024-11-05T18:04:30 IST" duration-ms="1372" status="PASS">
          <reporter-output>
            <line>
              <![CDATA[==Connect to DB, Report Config==]]>
            </line>
          </reporter-output>
        </test-method> <!-- configBS -->
        <test-method is-config="true" signature="configBC(java.lang.String)[pri:0, instance:com.comcast.crm.orgtest.CreateOrganizationTestWithPOMWithAnnotation_Assertion_Report@402c4085]" started-at="2024-11-05T18:04:30 IST" name="configBC" finished-at="2024-11-05T18:04:34 IST" duration-ms="3872" status="PASS">
          <params>
            <param index="0">
              <value>
                <![CDATA[chrome]]>
              </value>
            </param>
          </params>
          <reporter-output>
            <line>
              <![CDATA[==Launch the Browser==]]>
            </line>
          </reporter-output>
        </test-method> <!-- configBC -->
        <test-method is-config="true" signature="configBM()[pri:0, instance:com.comcast.crm.orgtest.CreateOrganizationTestWithPOMWithAnnotation_Assertion_Report@402c4085]" started-at="2024-11-05T18:04:34 IST" name="configBM" finished-at="2024-11-05T18:04:44 IST" duration-ms="10150" status="PASS">
          <reporter-output>
            <line>
              <![CDATA[==Login==]]>
            </line>
          </reporter-output>
        </test-method> <!-- configBM -->
        <test-method signature="createOrgTest()[pri:0, instance:com.comcast.crm.orgtest.CreateOrganizationTestWithPOMWithAnnotation_Assertion_Report@402c4085]" started-at="2024-11-05T18:04:44 IST" name="createOrgTest" finished-at="2024-11-05T18:05:18 IST" duration-ms="34673" status="PASS">
          <reporter-output>
          </reporter-output>
        </test-method> <!-- createOrgTest -->
        <test-method is-config="true" signature="configAM()[pri:0, instance:com.comcast.crm.orgtest.CreateOrganizationTestWithPOMWithAnnotation_Assertion_Report@402c4085]" started-at="2024-11-05T18:05:18 IST" name="configAM" finished-at="2024-11-05T18:05:27 IST" duration-ms="8089" status="PASS">
          <reporter-output>
            <line>
              <![CDATA[==Logout==]]>
            </line>
          </reporter-output>
        </test-method> <!-- configAM -->
        <test-method is-config="true" signature="configAC()[pri:0, instance:com.comcast.crm.orgtest.CreateOrganizationTestWithPOMWithAnnotation_Assertion_Report@402c4085]" started-at="2024-11-05T18:05:27 IST" name="configAC" finished-at="2024-11-05T18:05:27 IST" duration-ms="327" status="PASS">
          <reporter-output>
            <line>
              <![CDATA[==Close the Browser==]]>
            </line>
          </reporter-output>
        </test-method> <!-- configAC -->
        <test-method is-config="true" signature="configAS()[pri:0, instance:com.comcast.crm.orgtest.CreateOrganizationTestWithPOMWithAnnotation_Assertion_Report@402c4085]" started-at="2024-11-05T18:05:27 IST" name="configAS" finished-at="2024-11-05T18:05:27 IST" duration-ms="0" status="PASS">
          <reporter-output>
            <line>
              <![CDATA[==Close DB, Report Backup==]]>
            </line>
          </reporter-output>
        </test-method> <!-- configAS -->
      </class> <!-- com.comcast.crm.orgtest.CreateOrganizationTestWithPOMWithAnnotation_Assertion_Report -->
    </test> <!-- Default test -->
  </suite> <!-- Default suite -->
</testng-results>
